time: 0.0 :read 2 elem from file /home/zyc14588/work/cube-1.3-master/proc/main/base_define/namelist.json!

time: 0.000228 :read 4 elem from file /home/zyc14588/work/cube-1.3-master/proc/main/base_define/dispatchnamelist.json!

time: 0.000337 :read 1 elem from file /home/zyc14588/work/cube-1.3-master/proc/main/base_define/typelist.json!

time: 0.000725 :read 7 elem from file /home/zyc14588/work/cube-1.3-master/proc/main/base_define/subtypelist.json!

time: 0.000792 :read 1 elem from file /home/zyc14588/work/cube-1.3-master/proc/main/base_define/baseflag.json!

time: 0.001138 :read 3 elem from file /home/zyc14588/work/cube-1.3-master/proc/main/base_define/memdb.json!

time: 0.001611 :read 6 elem from file /home/zyc14588/work/cube-1.3-master/proc/main/base_define/msghead.json!

time: 0.001945 :read 2 elem from file /home/zyc14588/work/cube-1.3-master/proc/main/base_define/msgrecord.json!

time: 0.002360 :read 3 elem from file /home/zyc14588/work/cube-1.3-master/proc/main/base_define/expandrecord.json!

time: 0.002953 :read 7 elem from file /home/zyc14588/work/cube-1.3-master/proc/main/base_define/base_msg.json!

time: 0.003379 :read 3 elem from file /home/zyc14588/work/cube-1.3-master/proc/main/base_define/dispatchrecord.json!

time: 0.003556 :read 2 elem from file /home/zyc14588/work/cube-1.3-master/proc/main/base_define/exmoduledefine.json!

time: 0.003751 :read 1 elem from file /home/zyc14588/work/cube-1.3-master/proc/main/base_define/sys_conn.json!

time: 0.010253 :read 7 elem from file file_trans.json!

time: 0.037519 :this machine's local uuid is 000ddc7578bc849cfeda33dc7c2257a4264731a03ace7153151f6142b7fab5bf

time: 0.040208 :read 2 connector!

time: 0.040455 :read 1 policy succeed!
time: 0.040491 :read 1 policy succeed!
time: 0.040518 :prepare the router proc

time: 0.041805 :prepare the conn proc

time: 0.042001 :monitor ex_modulec router_proc started successfully!

time: 0.042066 :start ex_module request started successfully!

time: 0.042072 :begin msgfile_send module!

time: 0.042129 :monitor ex_modulec receiver started successfully!

time: 0.042439 :monitor ex_modulec file_dealer started successfully!

time: 0.042445 :begin file_dealer start process! 

time: 0.042816 :router get proc request's message 
time: 0.043001 :normal message prepare to send: message 3cf8ed22 type FILE_TRANS REQUEST to file_dealer
time: 0.043373 :begin file send!

time: 0.043845 :router get proc file_dealer's message 
time: 0.043948 :duplicate message prepare to send: message 3cf8ed22 type FILE_TRANS FILE_DATA to sender_crypt
time: 0.043959 :send message to conn process!
time: 0.044017 :normal message prepare to send: message 3cf8ed22 type FILE_TRANS FILE_DATA to :file_client
time: 0.044026 :send message to conn process!
time: 0.044368 :send 314 data to conn file_client!

time: 0.044394 :send (769  2)message 314 to conn file_client!

time: 0.045434 :proc conn client receive 276 data!

time: 0.045576 :send 345 data to conn file_client!

time: 0.045587 :client file_client send 345 ack data to server !

time: 0.045886 :router get proc connector_proc's message 
time: 0.046002 :discard message: message 36a38645 type MESSAGE CONN_SYNI to 
time: 0.047629 :proc conn client receive 275 data!

time: 0.047786 :send 344 data to conn crypt_client!

time: 0.047799 :client crypt_client send 344 ack data to server !

time: 0.048405 :router get proc connector_proc's message 
time: 0.048476 :discard message: message 53a88553 type MESSAGE CONN_SYNI to 
time: 0.053767 :proc conn client receive 226 data!

time: 0.054328 :router get proc connector_proc's message 
time: 0.054640 :normal message prepare to send: message 3cf8ed22 type FILE_TRANS NOTICE to receiver
time: 0.055301 :router get proc receiver's message 
time: 0.055342 :begin to response query message
time: 0.055391 :normal message prepare to send: message 3cf8ed22 type FILE_TRANS NOTICE to 
time: 0.143817 :send file test1.txt succeed!

