time: 0.0 :read 2 elem from file /home/zyc14588/work/cube-1.3-master/proc/main/base_define/namelist.json!

time: 0.000239 :read 4 elem from file /home/zyc14588/work/cube-1.3-master/proc/main/base_define/dispatchnamelist.json!

time: 0.000360 :read 1 elem from file /home/zyc14588/work/cube-1.3-master/proc/main/base_define/typelist.json!

time: 0.000847 :read 7 elem from file /home/zyc14588/work/cube-1.3-master/proc/main/base_define/subtypelist.json!

time: 0.000935 :read 1 elem from file /home/zyc14588/work/cube-1.3-master/proc/main/base_define/baseflag.json!

time: 0.001252 :read 3 elem from file /home/zyc14588/work/cube-1.3-master/proc/main/base_define/memdb.json!

time: 0.001813 :read 6 elem from file /home/zyc14588/work/cube-1.3-master/proc/main/base_define/msghead.json!

time: 0.002157 :read 2 elem from file /home/zyc14588/work/cube-1.3-master/proc/main/base_define/msgrecord.json!

time: 0.002550 :read 3 elem from file /home/zyc14588/work/cube-1.3-master/proc/main/base_define/expandrecord.json!

time: 0.003173 :read 7 elem from file /home/zyc14588/work/cube-1.3-master/proc/main/base_define/base_msg.json!

time: 0.003625 :read 3 elem from file /home/zyc14588/work/cube-1.3-master/proc/main/base_define/dispatchrecord.json!

time: 0.003955 :read 2 elem from file /home/zyc14588/work/cube-1.3-master/proc/main/base_define/exmoduledefine.json!

time: 0.004180 :read 1 elem from file /home/zyc14588/work/cube-1.3-master/proc/main/base_define/sys_conn.json!

time: 0.009186 :read 7 elem from file file_trans.json!

time: 0.044498 :this machine's local uuid is 000ddc7578bc849cfeda33dc7c2257a4264731a03ace7153151f6142b7fab5bf

time: 0.046395 :read 1 connector!

time: 0.046440 :conn server crypto_server2 begin to listen!

time: 0.046686 :read 1 policy succeed!
time: 0.046722 :prepare the router proc

time: 0.047646 :prepare the conn proc

time: 0.047785 :monitor ex_modulec router_proc started successfully!

time: 0.047826 :monitor ex_modulec crypt started successfully!

time: 9.582835 :create a new channel a00008d0!

time: 9.583109 :send 277 data to conn (null)!

time: 9.584364 :channel set name file_receiver!

time: 9.584580 :router get proc connector_proc's message 
time: 9.584761 :discard message: message 82c8a0a type MESSAGE CONN_ACKI to 
time: 31.247519 :channel receive (769 2) message from conn file_receiver!

time: 31.247538 :client forward (769 2) message to main proc!

time: 31.247903 :router get proc connector_proc's message 
time: 31.247986 :discard message: message 3cf8ed22 type FILE_TRANS FILE_DATA to 
