time: 0.0 :read 2 elem from file /root/cube-1.3/proc/main/base_define/namelist.json!

time: 0.000396 :read 4 elem from file /root/cube-1.3/proc/main/base_define/dispatchnamelist.json!

time: 0.000611 :read 1 elem from file /root/cube-1.3/proc/main/base_define/typelist.json!

time: 0.001218 :read 7 elem from file /root/cube-1.3/proc/main/base_define/subtypelist.json!

time: 0.001319 :read 1 elem from file /root/cube-1.3/proc/main/base_define/baseflag.json!

time: 0.001886 :read 3 elem from file /root/cube-1.3/proc/main/base_define/memdb.json!

time: 0.002674 :read 6 elem from file /root/cube-1.3/proc/main/base_define/msghead.json!

time: 0.003167 :read 2 elem from file /root/cube-1.3/proc/main/base_define/msgrecord.json!

time: 0.003774 :read 3 elem from file /root/cube-1.3/proc/main/base_define/expandrecord.json!

time: 0.004884 :read 8 elem from file /root/cube-1.3/proc/main/base_define/base_msg.json!

time: 0.005395 :read 3 elem from file /root/cube-1.3/proc/main/base_define/dispatchrecord.json!

time: 0.005716 :read 2 elem from file /root/cube-1.3/proc/main/base_define/exmoduledefine.json!

time: 0.005962 :read 1 elem from file /root/cube-1.3/proc/main/base_define/sys_conn.json!

time: 0.013546 :read 8 elem from file login_test.json!

time: 0.027013 :this machine's local uuid is df92b79c3abf612462ba18fcb525823391aa91aa9efa2606c8603194f63b9b93

time: 0.028271 :read 1 connector!

time: 0.028295 :conn server login_center begin to listen!

time: 0.029035 :read 1 policy succeed!
time: 0.029095 :prepare the router proc

time: 0.033034 :prepare the conn proc

time: 0.033192 :monitor ex_modulec router_proc started successfully!

time: 0.033255 :start ex_module msg_send started successfully!

time: 0.033380 :monitor ex_modulec login_test started successfully!

time: 0.033458 :begin msgfile_send module!

time: 12.524911 :create a new channel 980008d0!

time: 12.525103 :send 275 data to conn (null)!

time: 12.526259 :channel set name login_client!

time: 12.526375 :router get proc connector_proc's message 
time: 12.526566 :discard message: message cd1803b type MESSAGE CONN_ACKI to 
time: 12.530391 :channel receive (12544 1) message from conn login_client!

time: 12.530425 :client forward (12544 1) message to main proc!

time: 12.530440 :router get proc connector_proc's message 
time: 12.530514 :discard message: message a4560702 type LOGIN_TEST REGISTER to 
