time: 0.0 :read 2 elem from file /root/cube-1.3-app/cube-1.3/proc/main/base_define/namelist.json!

time: 0.000743 :read 4 elem from file /root/cube-1.3-app/cube-1.3/proc/main/base_define/dispatchnamelist.json!

time: 0.001337 :read 1 elem from file /root/cube-1.3-app/cube-1.3/proc/main/base_define/typelist.json!

time: 0.002462 :read 7 elem from file /root/cube-1.3-app/cube-1.3/proc/main/base_define/subtypelist.json!

time: 0.003370 :read 1 elem from file /root/cube-1.3-app/cube-1.3/proc/main/base_define/baseflag.json!

time: 0.004296 :read 3 elem from file /root/cube-1.3-app/cube-1.3/proc/main/base_define/memdb.json!

time: 0.005437 :read 6 elem from file /root/cube-1.3-app/cube-1.3/proc/main/base_define/msghead.json!

time: 0.006394 :read 2 elem from file /root/cube-1.3-app/cube-1.3/proc/main/base_define/msgrecord.json!

time: 0.007331 :read 3 elem from file /root/cube-1.3-app/cube-1.3/proc/main/base_define/expandrecord.json!

time: 0.008722 :read 8 elem from file /root/cube-1.3-app/cube-1.3/proc/main/base_define/base_msg.json!

time: 0.009619 :read 3 elem from file /root/cube-1.3-app/cube-1.3/proc/main/base_define/dispatchrecord.json!

time: 0.010306 :read 2 elem from file /root/cube-1.3-app/cube-1.3/proc/main/base_define/exmoduledefine.json!

time: 0.011034 :read 1 elem from file /root/cube-1.3-app/cube-1.3/proc/main/base_define/sys_conn.json!

time: 0.015733 :read 5 elem from file tcm_value.json!

time: 0.016674 :read 2 elem from file tcm_manage.json!

time: 0.025420 :this machine's local uuid is df92b79c3abf612462ba18fcb525823391aa91aa9efa2606c8603194f63b9b93

time: 0.044277 :read 1 policy succeed!
time: 0.044347 :prepare the router proc

time: 0.049045 :prepare the conn proc

time: 0.049163 :monitor ex_modulec router_proc started successfully!

time: 0.049229 :start ex_module msg_send started successfully!

time: 0.049261 :monitor ex_modulec define_convert started successfully!

time: 0.049302 :begin msgfile_send module!

time: 0.049828 :router get proc msg_send's message 
time: 0.049967 :normal message prepare to send: message 78cbb6a9 type MESSAGE TYPES to define_convert
